<?xml version="1.0" encoding="UTF-8"?>
<!-- Generated by org.testng.reporters.JUnitReportReporter -->
<testsuite hostname="DESKTOP-HVEQTT1" failures="0" tests="3" name="com.QAFox.qa.TestCases.RegisterTest" time="74.627" errors="0" timestamp="2024-03-11T09:48:26 IST" skipped="0">
  <testcase classname="com.QAFox.qa.TestCases.RegisterTest" name="verifyRegiterPageTtile" time="13.499"/>
  <testcase classname="com.QAFox.qa.TestCases.RegisterTest" name="verifyRegiterPageHeader" time="48.983"/>
  <testcase classname="com.QAFox.qa.TestCases.RegisterTest" name="veriyRegistration" time="12.145"/>
</testsuite> <!-- com.QAFox.qa.TestCases.RegisterTest -->
